Arguments: 
  /usr/local/bin/node /usr/local/bin/yarn add ts-loader

PATH: 
  /usr/local/bin:/usr/bin:/bin:/usr/sbin:/sbin

Yarn version: 
  1.13.0

Node version: 
  10.13.0

Platform: 
  darwin x64

Trace: 
  Error: EACCES: permission denied, mkdir '/Users/raylorren/Documents/练习/antd-course/node_modules/@umijs/fabric/node_modules/ms'

npm manifest: 
  {
    "name": "antd-course",
    "version": "1.0.0",
    "description": "",
    "main": "index.js",
    "scripts": {
      "test": "echo \"Error: no test specified\" && exit 1",
      "dev": "umi dev",
      "build": "umi bulid"
    },
    "keywords": [],
    "author": "",
    "license": "ISC",
    "devDependencies": {
      "umi": "^2.13.0"
    }
  }

yarn manifest: 
  No manifest

Lockfile: 
  No lockfile
